<?xml version="1.0" encoding="UTF-8"?>
<robot generated="20170724 09:10:38.483" generator="Rebot 3.0.2 (Python 2.7.5 on linux2)">
<suite source="/robot_tests" id="s1" name="Robot Tests">
<suite source="/robot_tests/chrome_test.robot" id="s1-s1" name="Chrome Test">
<kw type="teardown" name="Close All Browsers" library="Selenium2Library">
<doc>Closes all open browsers and resets the browser cache.</doc>
<status status="PASS" endtime="20170724 09:09:43.254" starttime="20170724 09:09:43.253"></status>
</kw>
<test id="s1-s1-t1" name="Chrome opens a page">
<kw name="Open Browser" library="Selenium2Library">
<doc>Opens a new browser instance to given URL.</doc>
<arguments>
<arg>http://fanmiles.com</arg>
<arg>chrome</arg>
</arguments>
<msg timestamp="20170724 09:10:07.239" level="INFO">Opening browser 'chrome' to base url 'http://fanmiles.com'</msg>
<kw name="Capture Page Screenshot" library="Selenium2Library">
<doc>Takes a screenshot of the current page and embeds it into the log.</doc>
<status status="FAIL" endtime="20170724 09:10:38.261" starttime="20170724 09:10:38.260"></status>
</kw>
<msg timestamp="20170724 09:10:38.262" level="WARN">Keyword 'Capture Page Screenshot' could not be run on failure: Execution terminated by signal</msg>
<status status="FAIL" endtime="20170724 09:10:38.262" starttime="20170724 09:10:07.239"></status>
</kw>
<status status="FAIL" endtime="20170724 09:10:38.263" critical="yes" starttime="20170724 09:10:07.237">Re-executed test has been merged.
-  -  -
New status:  FAIL
New message:  Execution terminated by signal
-  -  -
Old status:  FAIL
Old message:  Re-executed test has been merged.
-  -  -
New status:  FAIL
New message:  error: [Errno 104] Connection reset by peer
-  -  -
Old status:  FAIL
Old message:  WebDriverException: Message: unknown error: Chrome failed to start: crashed
  (Driver info: chromedriver=2.30.477691 (6ee44a7247c639c0703f291d320bdf05c1531b57),platform=Linux 4.9.36-moby x86_64)
</status>
</test>
<status status="FAIL" elapsedtime="31027" endtime="N/A" starttime="N/A"></status>
</suite>
<suite source="/robot_tests/simple_test.robot" id="s1-s2" name="Simple Test">
<test id="s1-s2-t1" name="Test Robot Framework Logging">
<kw name="Log" library="BuiltIn">
<doc>Logs the given message with the given level.</doc>
<arguments>
<arg>"Test Logging"</arg>
</arguments>
<msg timestamp="20170724 09:09:43.266" level="INFO">"Test Logging"</msg>
<status status="PASS" endtime="20170724 09:09:43.266" starttime="20170724 09:09:43.266"></status>
</kw>
<status status="PASS" endtime="20170724 09:09:43.267" critical="yes" starttime="20170724 09:09:43.265"></status>
</test>
<status status="PASS" endtime="20170724 09:09:43.268" starttime="20170724 09:09:43.259"></status>
</suite>
<status status="FAIL" elapsedtime="31036" endtime="N/A" starttime="N/A"></status>
</suite>
<statistics>
<total>
<stat fail="1" pass="1">Critical Tests</stat>
<stat fail="1" pass="1">All Tests</stat>
</total>
<tag>
</tag>
<suite>
<stat fail="1" id="s1" name="Robot Tests" pass="1">Robot Tests</stat>
<stat fail="1" id="s1-s1" name="Chrome Test" pass="0">Robot Tests.Chrome Test</stat>
<stat fail="0" id="s1-s2" name="Simple Test" pass="1">Robot Tests.Simple Test</stat>
</suite>
</statistics>
<errors>
<msg timestamp="20170724 09:09:43.244" level="WARN">Keyword 'Capture Page Screenshot' could not be run on failure: No browser is open</msg>
<msg timestamp="20170724 09:10:06.283" level="WARN">Keyword 'Capture Page Screenshot' could not be run on failure: Execution terminated by signal</msg>
<msg timestamp="20170724 09:10:38.262" level="WARN">Keyword 'Capture Page Screenshot' could not be run on failure: Execution terminated by signal</msg>
</errors>
</robot>
