<?xml version="1.0" encoding="UTF-8"?>
<robot generated="20170718 20:25:09.429" generator="Robot 3.0.2 (Python 2.7.12 on linux2)">
<suite source="/robot_tests" id="s1" name="Robot Tests">
<suite source="/robot_tests/chrome_test.robot" id="s1-s1" name="Chrome Test">
<test id="s1-s1-t1" name="Chrome opens a page">
<kw name="Open Browser" library="Selenium2Library">
<doc>Opens a new browser instance to given URL.</doc>
<arguments>
<arg>http://fanmiles.com</arg>
<arg>chrome</arg>
</arguments>
<msg timestamp="20170718 20:25:09.541" level="INFO">Opening browser 'chrome' to base url 'http://fanmiles.com'</msg>
<kw name="Capture Page Screenshot" library="Selenium2Library">
<doc>Takes a screenshot of the current page and embeds it into the log.</doc>
<msg timestamp="20170718 20:27:05.985" level="FAIL">No browser is open</msg>
<status status="FAIL" endtime="20170718 20:27:05.986" starttime="20170718 20:27:05.982"></status>
</kw>
<msg timestamp="20170718 20:27:05.986" level="WARN">Keyword 'Capture Page Screenshot' could not be run on failure: No browser is open</msg>
<msg timestamp="20170718 20:27:05.990" level="FAIL">WebDriverException: Message: chrome not reachable
  (Driver info: chromedriver=2.29.461571 (8a88bbe0775e2a23afda0ceaf2ef7ee74e822cc5),platform=Linux 4.9.36-moby x86_64)
</msg>
<status status="FAIL" endtime="20170718 20:27:05.990" starttime="20170718 20:25:09.541"></status>
</kw>
<status status="FAIL" endtime="20170718 20:27:05.992" critical="yes" starttime="20170718 20:25:09.539">WebDriverException: Message: chrome not reachable
  (Driver info: chromedriver=2.29.461571 (8a88bbe0775e2a23afda0ceaf2ef7ee74e822cc5),platform=Linux 4.9.36-moby x86_64)
</status>
</test>
<kw type="teardown" name="Close All Browsers" library="Selenium2Library">
<doc>Closes all open browsers and resets the browser cache.</doc>
<status status="PASS" endtime="20170718 20:27:05.996" starttime="20170718 20:27:05.995"></status>
</kw>
<status status="FAIL" endtime="20170718 20:27:05.996" starttime="20170718 20:25:09.460"></status>
</suite>
<status status="FAIL" endtime="20170718 20:27:06.001" starttime="20170718 20:25:09.431"></status>
</suite>
<statistics>
<total>
<stat fail="1" pass="0">Critical Tests</stat>
<stat fail="1" pass="0">All Tests</stat>
</total>
<tag>
</tag>
<suite>
<stat fail="1" id="s1" name="Robot Tests" pass="0">Robot Tests</stat>
<stat fail="1" id="s1-s1" name="Chrome Test" pass="0">Robot Tests.Chrome Test</stat>
</suite>
</statistics>
<errors>
<msg timestamp="20170718 20:27:05.986" level="WARN">Keyword 'Capture Page Screenshot' could not be run on failure: No browser is open</msg>
</errors>
</robot>
